<?xml version="1.0" encoding="UTF-8"?>
<!-- Generated by org.testng.reporters.JUnitReportReporter -->
<testsuite hostname="LAPTOP-9TCQ07PF" failures="0" tests="1" name="com.ap.testlayer.PaymentMethodTest" time="17.113" errors="0" timestamp="2024-02-29T15:27:31 IST" skipped="0">
  <testcase classname="com.ap.testlayer.PaymentMethodTest" name="validate_payment_method_with_valid_details" time="17.113"/>
  <system-out/>
</testsuite> <!-- com.ap.testlayer.PaymentMethodTest -->
