<?xml version="1.0" encoding="UTF-8"?>
<!-- Generated by org.testng.reporters.JUnitReportReporter -->
<testsuite hostname="LAPTOP-9TCQ07PF" failures="0" tests="1" name="com.ap.testlayer.LoginTest" time="9.017" errors="0" timestamp="2024-02-29T15:27:31 IST" skipped="0">
  <testcase classname="com.ap.testlayer.LoginTest" name="validate_login_functinality_with_valid_credentials" time="9.017"/>
  <system-out/>
</testsuite> <!-- com.ap.testlayer.LoginTest -->
